#
# A fatal error has been detected by the Java Runtime Environment:
#
#  EXCEPTION_ACCESS_VIOLATION (0xc0000005) at pc=0x00000000525f512b, pid=4920, tid=0x0000000000001d24
#
# JRE version: Java(TM) SE Runtime Environment (8.0_131-b11) (build 1.8.0_131-b11)
# Java VM: Java HotSpot(TM) 64-Bit Server VM (25.131-b11 mixed mode windows-amd64 compressed oops)
# Problematic frame:
# V  [jvm.dll+0x11512b]
#
# Failed to write core dump. Minidumps are not enabled by default on client versions of Windows
#
# If you would like to submit a bug report, please visit:
#   http://bugreport.java.com/bugreport/crash.jsp
#

---------------  T H R E A D  ---------------

Current thread (0x00000000026fb000):  GCTaskThread [stack: 0x0000000012590000,0x0000000012690000] [id=7460]

siginfo: ExceptionCode=0xc0000005, reading address 0x00000006001a3888

Registers:
RAX=0x0000000012990000, RBX=0x0000000702615998, RCX=0x0000000000000003, RDX=0x0000000000000001
RSP=0x000000001268f7c0, RBP=0x0000000702f2168c, RSI=0x00000000027d1120, RDI=0x00000000027d1120
R8 =0x00000006001a3880, R9 =0x00000007c0008b68, R10=0x000000000000000c, R11=0x0000000052ae1078
R12=0x0000000702f21690, R13=0x00000007c0008fb0, R14=0x00000007c0008fc0, R15=0x0000000702f21670
RIP=0x00000000525f512b, EFLAGS=0x0000000000010202

Top of Stack: (sp=0x000000001268f7c0)
0x000000001268f7c0:   00000007c0008b68 0000000702f215fc
0x000000001268f7d0:   000000000000000a 00000000526fda92
0x000000001268f7e0:   0000000000000000 00000000026fb2a0
0x000000001268f7f0:   00000000026f10c0 00000000027d1120
0x000000001268f800:   0000000000002769 00000000528d8160
0x000000001268f810:   0000000019dbfb90 000000001268f929
0x000000001268f820:   00000000027d1120 0000000052b346b8
0x000000001268f830:   0000000019dad3e0 000000001268f929
0x000000001268f840:   0000000000000000 0000000000000004
0x000000001268f850:   00000000027d1120 00000000525f37f2
0x000000001268f860:   0000000702677508 0000000000000000
0x000000001268f870:   0000000000000000 00000000026f10c0
0x000000001268f880:   00000000026fb2b0 00000000026fb2a0
0x000000001268f890:   0000000052b346b8 00000000027d1120
0x000000001268f8a0:   0000000000000000 000000001268f929
0x000000001268f8b0:   0000000002785ff0 00000000528d5410 

Instructions: (pc=0x00000000525f512b)
0x00000000525f510b:   6f 00 84 d2 74 16 44 8b 43 08 8b 0d 8d b6 68 00
0x00000000525f511b:   49 d3 e0 4c 03 05 7b b6 68 00 eb 04 4c 8b 43 08
0x00000000525f512b:   45 8b 48 08 45 85 c9 7e 0c 41 f6 c1 01 75 4b 41
0x00000000525f513b:   c1 f9 03 eb 57 79 43 84 d2 41 8b c9 b8 10 00 00 


Register to memory mapping:

RAX=0x0000000012990000 is an unknown value
RBX=0x0000000702615998 is pointing into object: 0x0000000702615958
java.lang.Class 
 - klass: 'java/lang/Class'
RCX=0x0000000000000003 is an unknown value
RDX=0x0000000000000001 is an unknown value
RSP=0x000000001268f7c0 is an unknown value
RBP=0x0000000702f2168c is pointing into object: 0x0000000702f21670
java.lang.reflect.Method 
 - klass: 'java/lang/reflect/Method'
RSI=0x00000000027d1120 is an unknown value
RDI=0x00000000027d1120 is an unknown value
R8 =0x00000006001a3880 is an unknown value
R9 =0x00000007c0008b68 is pointing into metadata
R10=0x000000000000000c is an unknown value
R11=0x0000000052ae1078 is an unknown value
R12=0x0000000702f21690 is pointing into object: 0x0000000702f21670
java.lang.reflect.Method 
 - klass: 'java/lang/reflect/Method'
R13=0x00000007c0008fb0 is pointing into metadata
R14=0x00000007c0008fc0 is pointing into metadata
R15=0x0000000702f21670 is an oop
java.lang.reflect.Method 
 - klass: 'java/lang/reflect/Method'


Stack: [0x0000000012590000,0x0000000012690000],  sp=0x000000001268f7c0,  free space=1021k
Native frames: (J=compiled Java code, j=interpreted, Vv=VM code, C=native code)
V  [jvm.dll+0x11512b]
V  [jvm.dll+0x3f8160]
V  [jvm.dll+0x3f5410]
V  [jvm.dll+0x3f302e]
V  [jvm.dll+0x29cc1a]
C  [msvcr100.dll+0x21d9f]
C  [msvcr100.dll+0x21e3b]
C  [KERNEL32.DLL+0x17bd4]
C  [ntdll.dll+0x6ced1]


---------------  P R O C E S S  ---------------

Java Threads: ( => current thread )
  0x00000000203e1000 JavaThread "Thread-10" [_thread_blocked, id=10684, stack(0x0000000000940000,0x0000000000a40000)]
  0x00000000203e6800 JavaThread "http-nio-8080-Acceptor" daemon [_thread_blocked, id=8784, stack(0x00000000224b0000,0x00000000225b0000)]
  0x00000000202cb800 JavaThread "DestroyJavaVM" [_thread_blocked, id=9868, stack(0x00000000025e0000,0x00000000026e0000)]
  0x000000001dd4a000 JavaThread "Live Reload Server" daemon [_thread_in_native, id=10716, stack(0x0000000020fb0000,0x00000000210b0000)]
  0x000000001984e000 JavaThread "Service Thread" daemon [_thread_blocked, id=11604, stack(0x000000001b560000,0x000000001b660000)]
  0x0000000019807000 JavaThread "C1 CompilerThread2" daemon [_thread_blocked, id=11700, stack(0x000000001b060000,0x000000001b160000)]
  0x0000000019804000 JavaThread "C2 CompilerThread1" daemon [_thread_blocked, id=11928, stack(0x000000001af60000,0x000000001b060000)]
  0x00000000197f7000 JavaThread "C2 CompilerThread0" daemon [_thread_blocked, id=10604, stack(0x000000001ae60000,0x000000001af60000)]
  0x00000000197f5800 JavaThread "Attach Listener" daemon [_thread_blocked, id=4852, stack(0x000000001ad60000,0x000000001ae60000)]
  0x00000000197f2800 JavaThread "Signal Dispatcher" daemon [_thread_blocked, id=72, stack(0x000000001ac60000,0x000000001ad60000)]
  0x00000000027da000 JavaThread "Finalizer" daemon [_thread_blocked, id=2824, stack(0x000000001aa40000,0x000000001ab40000)]
  0x00000000027d7000 JavaThread "Reference Handler" daemon [_thread_blocked, id=3768, stack(0x000000001a940000,0x000000001aa40000)]

Other Threads:
  0x00000000197b7000 VMThread [stack: 0x000000001a840000,0x000000001a940000] [id=3112]
  0x000000001b1b2800 WatcherThread [stack: 0x000000001b660000,0x000000001b760000] [id=8448]

=>0x00000000026fb000 (exited) GCTaskThread [stack: 0x0000000012590000,0x0000000012690000] [id=7460]

VM state:at safepoint (normal execution)

VM Mutex/Monitor currently owned by a thread:  ([mutex/lock_event])
[0x00000000026e2fd0] Threads_lock - owner thread: 0x00000000197b7000
[0x00000000026e22d0] Heap_lock - owner thread: 0x00000000203e1000

Heap:
 PSYoungGen      total 243200K, used 5739K [0x0000000780d00000, 0x0000000791700000, 0x00000007c0000000)
  eden space 222720K, 0% used [0x0000000780d00000,0x0000000780d00000,0x000000078e680000)
  from space 20480K, 28% used [0x000000078e680000,0x000000078ec1ae48,0x000000078fa80000)
  to   space 19968K, 0% used [0x0000000790380000,0x0000000790380000,0x0000000791700000)
 ParOldGen       total 194048K, used 24505K [0x0000000702600000, 0x000000070e380000, 0x0000000780d00000)
  object space 194048K, 12% used [0x0000000702600000,0x0000000703dee418,0x000000070e380000)
 Metaspace       used 57694K, capacity 60796K, committed 61056K, reserved 1101824K
  class space    used 8015K, capacity 8552K, committed 8576K, reserved 1048576K

Card table byte_map: [0x0000000011ba0000,0x0000000012190000] byte_map_base: 0x000000000e38d000

Marking Bits: (ParMarkBitMap*) 0x0000000052cfc720
 Begin Bits: [0x0000000012990000, 0x00000000158f8000)
 End Bits:   [0x00000000158f8000, 0x0000000018860000)

Polling page: 0x0000000000800000

CodeCache: size=245760Kb used=11671Kb max_used=11671Kb free=234088Kb
 bounds [0x00000000027e0000, 0x0000000003350000, 0x00000000117e0000]
 total_blobs=6763 nmethods=6179 adapters=495
 compilation: enabled

Compilation events (10 events):
Event: 616.779 Thread 0x0000000019807000 6312       1       java.util.logging.Logger::getParent (5 bytes)
Event: 616.779 Thread 0x0000000019807000 nmethod 6312 0x0000000003348ad0 code [0x0000000003348c20, 0x0000000003348d30]
Event: 616.780 Thread 0x0000000019807000 6313       1       org.apache.tomcat.util.collections.ManagedConcurrentWeakHashMap$Key::hashCode (5 bytes)
Event: 616.781 Thread 0x0000000019807000 nmethod 6313 0x0000000003348d90 code [0x0000000003348ee0, 0x0000000003348ff0]
Event: 616.781 Thread 0x0000000019807000 6314       1       java.util.Date::getTimeImpl (27 bytes)
Event: 616.781 Thread 0x0000000019807000 nmethod 6314 0x0000000003349050 code [0x00000000033491a0, 0x0000000003349308]
Event: 616.785 Thread 0x0000000019807000 6315       1       org.apache.catalina.ContainerEvent::getType (5 bytes)
Event: 616.786 Thread 0x0000000019807000 nmethod 6315 0x00000000033493d0 code [0x0000000003349520, 0x0000000003349630]
Event: 616.788 Thread 0x0000000019807000 6316       1       java.util.concurrent.ThreadPoolExecutor::isRunning (10 bytes)
Event: 616.788 Thread 0x0000000019807000 nmethod 6316 0x0000000003349690 code [0x00000000033497e0, 0x00000000033498f0]

GC Heap History (10 events):
Event: 162.669 GC heap after
Heap after GC invocations=11 (full 2):
 PSYoungGen      total 208896K, used 12705K [0x0000000780d00000, 0x0000000790e00000, 0x00000007c0000000)
  eden space 188928K, 0% used [0x0000000780d00000,0x0000000780d00000,0x000000078c580000)
  from space 19968K, 63% used [0x000000078c580000,0x000000078d1e84b8,0x000000078d900000)
  to   space 19968K, 0% used [0x000000078fa80000,0x000000078fa80000,0x0000000790e00000)
 ParOldGen       total 143872K, used 25229K [0x0000000702600000, 0x000000070b280000, 0x0000000780d00000)
  object space 143872K, 17% used [0x0000000702600000,0x0000000703ea35e8,0x000000070b280000)
 Metaspace       used 56366K, capacity 59130K, committed 59160K, reserved 1099776K
  class space    used 7835K, capacity 8314K, committed 8320K, reserved 1048576K
}
Event: 162.669 GC heap before
{Heap before GC invocations=12 (full 3):
 PSYoungGen      total 208896K, used 12705K [0x0000000780d00000, 0x0000000790e00000, 0x00000007c0000000)
  eden space 188928K, 0% used [0x0000000780d00000,0x0000000780d00000,0x000000078c580000)
  from space 19968K, 63% used [0x000000078c580000,0x000000078d1e84b8,0x000000078d900000)
  to   space 19968K, 0% used [0x000000078fa80000,0x000000078fa80000,0x0000000790e00000)
 ParOldGen       total 143872K, used 25229K [0x0000000702600000, 0x000000070b280000, 0x0000000780d00000)
  object space 143872K, 17% used [0x0000000702600000,0x0000000703ea35e8,0x000000070b280000)
 Metaspace       used 56366K, capacity 59130K, committed 59160K, reserved 1099776K
  class space    used 7835K, capacity 8314K, committed 8320K, reserved 1048576K
Event: 162.878 GC heap after
Heap after GC invocations=12 (full 3):
 PSYoungGen      total 208896K, used 0K [0x0000000780d00000, 0x0000000790e00000, 0x00000007c0000000)
  eden space 188928K, 0% used [0x0000000780d00000,0x0000000780d00000,0x000000078c580000)
  from space 19968K, 0% used [0x000000078c580000,0x000000078c580000,0x000000078d900000)
  to   space 19968K, 0% used [0x000000078fa80000,0x000000078fa80000,0x0000000790e00000)
 ParOldGen       total 194048K, used 28380K [0x0000000702600000, 0x000000070e380000, 0x0000000780d00000)
  object space 194048K, 14% used [0x0000000702600000,0x00000007041b7290,0x000000070e380000)
 Metaspace       used 56355K, capacity 59112K, committed 59160K, reserved 1099776K
  class space    used 7833K, capacity 8311K, committed 8320K, reserved 1048576K
}
Event: 231.539 GC heap before
{Heap before GC invocations=13 (full 3):
 PSYoungGen      total 208896K, used 64416K [0x0000000780d00000, 0x0000000790e00000, 0x00000007c0000000)
  eden space 188928K, 34% used [0x0000000780d00000,0x0000000784be8318,0x000000078c580000)
  from space 19968K, 0% used [0x000000078c580000,0x000000078c580000,0x000000078d900000)
  to   space 19968K, 0% used [0x000000078fa80000,0x000000078fa80000,0x0000000790e00000)
 ParOldGen       total 194048K, used 28380K [0x0000000702600000, 0x000000070e380000, 0x0000000780d00000)
  object space 194048K, 14% used [0x0000000702600000,0x00000007041b7290,0x000000070e380000)
 Metaspace       used 57137K, capacity 60076K, committed 60288K, reserved 1101824K
  class space    used 7956K, capacity 8466K, committed 8576K, reserved 1048576K
Event: 231.543 GC heap after
Heap after GC invocations=13 (full 3):
 PSYoungGen      total 242688K, used 1719K [0x0000000780d00000, 0x0000000791800000, 0x00000007c0000000)
  eden space 222720K, 0% used [0x0000000780d00000,0x0000000780d00000,0x000000078e680000)
  from space 19968K, 8% used [0x000000078fa80000,0x000000078fc2dd58,0x0000000790e00000)
  to   space 20480K, 0% used [0x000000078e680000,0x000000078e680000,0x000000078fa80000)
 ParOldGen       total 194048K, used 28388K [0x0000000702600000, 0x000000070e380000, 0x0000000780d00000)
  object space 194048K, 14% used [0x0000000702600000,0x00000007041b9290,0x000000070e380000)
 Metaspace       used 57137K, capacity 60076K, committed 60288K, reserved 1101824K
  class space    used 7956K, capacity 8466K, committed 8576K, reserved 1048576K
}
Event: 231.543 GC heap before
{Heap before GC invocations=14 (full 4):
 PSYoungGen      total 242688K, used 1719K [0x0000000780d00000, 0x0000000791800000, 0x00000007c0000000)
  eden space 222720K, 0% used [0x0000000780d00000,0x0000000780d00000,0x000000078e680000)
  from space 19968K, 8% used [0x000000078fa80000,0x000000078fc2dd58,0x0000000790e00000)
  to   space 20480K, 0% used [0x000000078e680000,0x000000078e680000,0x000000078fa80000)
 ParOldGen       total 194048K, used 28388K [0x0000000702600000, 0x000000070e380000, 0x0000000780d00000)
  object space 194048K, 14% used [0x0000000702600000,0x00000007041b9290,0x000000070e380000)
 Metaspace       used 57137K, capacity 60076K, committed 60288K, reserved 1101824K
  class space    used 7956K, capacity 8466K, committed 8576K, reserved 1048576K
Event: 231.771 GC heap after
Heap after GC invocations=14 (full 4):
 PSYoungGen      total 242688K, used 0K [0x0000000780d00000, 0x0000000791800000, 0x00000007c0000000)
  eden space 222720K, 0% used [0x0000000780d00000,0x0000000780d00000,0x000000078e680000)
  from space 19968K, 0% used [0x000000078fa80000,0x000000078fa80000,0x0000000790e00000)
  to   space 20480K, 0% used [0x000000078e680000,0x000000078e680000,0x000000078fa80000)
 ParOldGen       total 194048K, used 24497K [0x0000000702600000, 0x000000070e380000, 0x0000000780d00000)
  object space 194048K, 12% used [0x0000000702600000,0x0000000703dec418,0x000000070e380000)
 Metaspace       used 57137K, capacity 60076K, committed 60288K, reserved 1101824K
  class space    used 7956K, capacity 8466K, committed 8576K, reserved 1048576K
}
Event: 616.791 GC heap before
{Heap before GC invocations=15 (full 4):
 PSYoungGen      total 242688K, used 210927K [0x0000000780d00000, 0x0000000791800000, 0x00000007c0000000)
  eden space 222720K, 94% used [0x0000000780d00000,0x000000078dafbf48,0x000000078e680000)
  from space 19968K, 0% used [0x000000078fa80000,0x000000078fa80000,0x0000000790e00000)
  to   space 20480K, 0% used [0x000000078e680000,0x000000078e680000,0x000000078fa80000)
 ParOldGen       total 194048K, used 24497K [0x0000000702600000, 0x000000070e380000, 0x0000000780d00000)
  object space 194048K, 12% used [0x0000000702600000,0x0000000703dec418,0x000000070e380000)
 Metaspace       used 57694K, capacity 60796K, committed 61056K, reserved 1101824K
  class space    used 8015K, capacity 8552K, committed 8576K, reserved 1048576K
Event: 616.800 GC heap after
Heap after GC invocations=15 (full 4):
 PSYoungGen      total 243200K, used 5739K [0x0000000780d00000, 0x0000000791700000, 0x00000007c0000000)
  eden space 222720K, 0% used [0x0000000780d00000,0x0000000780d00000,0x000000078e680000)
  from space 20480K, 28% used [0x000000078e680000,0x000000078ec1ae48,0x000000078fa80000)
  to   space 19968K, 0% used [0x0000000790380000,0x0000000790380000,0x0000000791700000)
 ParOldGen       total 194048K, used 24505K [0x0000000702600000, 0x000000070e380000, 0x0000000780d00000)
  object space 194048K, 12% used [0x0000000702600000,0x0000000703dee418,0x000000070e380000)
 Metaspace       used 57694K, capacity 60796K, committed 61056K, reserved 1101824K
  class space    used 8015K, capacity 8552K, committed 8576K, reserved 1048576K
}
Event: 616.800 GC heap before
{Heap before GC invocations=16 (full 5):
 PSYoungGen      total 243200K, used 5739K [0x0000000780d00000, 0x0000000791700000, 0x00000007c0000000)
  eden space 222720K, 0% used [0x0000000780d00000,0x0000000780d00000,0x000000078e680000)
  from space 20480K, 28% used [0x000000078e680000,0x000000078ec1ae48,0x000000078fa80000)
  to   space 19968K, 0% used [0x0000000790380000,0x0000000790380000,0x0000000791700000)
 ParOldGen       total 194048K, used 24505K [0x0000000702600000, 0x000000070e380000, 0x0000000780d00000)
  object space 194048K, 12% used [0x0000000702600000,0x0000000703dee418,0x000000070e380000)
 Metaspace       used 57694K, capacity 60796K, committed 61056K, reserved 1101824K
  class space    used 8015K, capacity 8552K, committed 8576K, reserved 1048576K

Deoptimization events (0 events):
No events

Internal exceptions (10 events):
Event: 233.716 Thread 0x00000000202c9800 Exception <a 'java/lang/ArrayIndexOutOfBoundsException'> (0x0000000789b40f70) thrown at [C:\re\workspace\8-2-build-windows-amd64-cygwin\jdk8u131\8869\hotspot\src\share\vm\runtime\sharedRuntime.cpp, line 605]
Event: 233.770 Thread 0x00000000202c9800 Exception <a 'java/lang/ArrayIndexOutOfBoundsException'> (0x0000000789eb0418) thrown at [C:\re\workspace\8-2-build-windows-amd64-cygwin\jdk8u131\8869\hotspot\src\share\vm\runtime\sharedRuntime.cpp, line 605]
Event: 233.804 Thread 0x00000000202c9800 Exception <a 'java/lang/ArrayIndexOutOfBoundsException'> (0x000000078a160500) thrown at [C:\re\workspace\8-2-build-windows-amd64-cygwin\jdk8u131\8869\hotspot\src\share\vm\runtime\sharedRuntime.cpp, line 605]
Event: 233.810 Thread 0x00000000202c9800 Exception <a 'java/lang/ArrayIndexOutOfBoundsException'> (0x000000078a1c3c18) thrown at [C:\re\workspace\8-2-build-windows-amd64-cygwin\jdk8u131\8869\hotspot\src\share\vm\runtime\sharedRuntime.cpp, line 605]
Event: 304.724 Thread 0x000000001dd44800 Exception <a 'java/lang/ArrayIndexOutOfBoundsException'> (0x000000078b55cac8) thrown at [C:\re\workspace\8-2-build-windows-amd64-cygwin\jdk8u131\8869\hotspot\src\share\vm\runtime\sharedRuntime.cpp, line 605]
Event: 304.733 Thread 0x000000001dd44800 Exception <a 'java/lang/ArrayIndexOutOfBoundsException'> (0x000000078b57c7a0) thrown at [C:\re\workspace\8-2-build-windows-amd64-cygwin\jdk8u131\8869\hotspot\src\share\vm\runtime\sharedRuntime.cpp, line 605]
Event: 304.751 Thread 0x000000001dd44800 StackOverflowError at 0x00000000028e00a0
Event: 304.751 Thread 0x000000001dd44800 Exception <a 'java/lang/StackOverflowError'> (0x000000078b62a730) thrown at [C:\re\workspace\8-2-build-windows-amd64-cygwin\jdk8u131\8869\hotspot\src\share\vm\runtime\sharedRuntime.cpp, line 605]
Event: 304.754 Thread 0x000000001dd44800 Exception <a 'java/lang/reflect/InvocationTargetException'> (0x000000078b634340) thrown at [C:\re\workspace\8-2-build-windows-amd64-cygwin\jdk8u131\8869\hotspot\src\share\vm\runtime\reflection.cpp, line 1092]
Event: 616.790 Thread 0x00000000202cc800 Exception <a 'java/lang/InterruptedException': sleep interrupted> (0x000000078da425e8) thrown at [C:\re\workspace\8-2-build-windows-amd64-cygwin\jdk8u131\8869\hotspot\src\share\vm\prims\jvm.cpp, line 3228]

Events (10 events):
Event: 616.790 Executing VM operation: RevokeBias
Event: 616.790 Executing VM operation: RevokeBias done
Event: 616.790 Executing VM operation: RevokeBias
Event: 616.790 Executing VM operation: RevokeBias done
Event: 616.790 Thread 0x00000000202cc800 Thread exited: 0x00000000202cc800
Event: 616.790 Executing VM operation: RevokeBias
Event: 616.790 Executing VM operation: RevokeBias done
Event: 616.791 Thread 0x00000000202ce000 Thread exited: 0x00000000202ce000
Event: 616.791 Thread 0x00000000202ca000 Thread exited: 0x00000000202ca000
Event: 616.791 Executing VM operation: ParallelGCSystemGC


Dynamic libraries:
0x00007ff722810000 - 0x00007ff722847000 	C:\Program Files\Java\jdk1.8.0_131\jre\bin\java.exe
0x00007ff8c2480000 - 0x00007ff8c2670000 	C:\WINDOWS\SYSTEM32\ntdll.dll
0x00007ff8c0bc0000 - 0x00007ff8c0c72000 	C:\WINDOWS\System32\KERNEL32.DLL
0x00007ff8c0190000 - 0x00007ff8c0433000 	C:\WINDOWS\System32\KERNELBASE.dll
0x00007ff8c1080000 - 0x00007ff8c1123000 	C:\WINDOWS\System32\ADVAPI32.dll
0x00007ff8c1360000 - 0x00007ff8c13fe000 	C:\WINDOWS\System32\msvcrt.dll
0x00007ff8c0640000 - 0x00007ff8c06d7000 	C:\WINDOWS\System32\sechost.dll
0x00007ff8c2060000 - 0x00007ff8c2180000 	C:\WINDOWS\System32\RPCRT4.dll
0x00007ff8c0ee0000 - 0x00007ff8c1074000 	C:\WINDOWS\System32\USER32.dll
0x00007ff8bf4f0000 - 0x00007ff8bf511000 	C:\WINDOWS\System32\win32u.dll
0x00007ff8c0610000 - 0x00007ff8c0636000 	C:\WINDOWS\System32\GDI32.dll
0x00007ff8bfd50000 - 0x00007ff8bfee4000 	C:\WINDOWS\System32\gdi32full.dll
0x00007ff8c0440000 - 0x00007ff8c04de000 	C:\WINDOWS\System32\msvcp_win.dll
0x00007ff8c0090000 - 0x00007ff8c018a000 	C:\WINDOWS\System32\ucrtbase.dll
0x00007ff8afc30000 - 0x00007ff8afeb5000 	C:\WINDOWS\WinSxS\amd64_microsoft.windows.common-controls_6595b64144ccf1df_6.0.18362.535_none_e6c3b34713100821\COMCTL32.dll
0x00007ff8c1630000 - 0x00007ff8c1966000 	C:\WINDOWS\System32\combase.dll
0x00007ff8c04e0000 - 0x00007ff8c0560000 	C:\WINDOWS\System32\bcryptPrimitives.dll
0x00007ff8c2180000 - 0x00007ff8c21ae000 	C:\WINDOWS\System32\IMM32.DLL
0x0000000052400000 - 0x00000000524d2000 	C:\Program Files\Java\jdk1.8.0_131\jre\bin\msvcr100.dll
0x00000000524e0000 - 0x0000000052d7c000 	C:\Program Files\Java\jdk1.8.0_131\jre\bin\server\jvm.dll
0x00007ff8c1350000 - 0x00007ff8c1358000 	C:\WINDOWS\System32\PSAPI.DLL
0x00007ff8bc0b0000 - 0x00007ff8bc0d4000 	C:\WINDOWS\SYSTEM32\WINMM.dll
0x00007ff8af9d0000 - 0x00007ff8af9da000 	C:\WINDOWS\SYSTEM32\VERSION.dll
0x00007ff8aeaf0000 - 0x00007ff8aeaf9000 	C:\WINDOWS\SYSTEM32\WSOCK32.dll
0x00007ff8c0b50000 - 0x00007ff8c0bbf000 	C:\WINDOWS\System32\WS2_32.dll
0x00007ff8bc080000 - 0x00007ff8bc0ad000 	C:\WINDOWS\SYSTEM32\winmmbase.dll
0x00007ff8c0040000 - 0x00007ff8c008a000 	C:\WINDOWS\System32\cfgmgr32.dll
0x00000000537b0000 - 0x00000000537bf000 	C:\Program Files\Java\jdk1.8.0_131\jre\bin\verify.dll
0x0000000053780000 - 0x00000000537a9000 	C:\Program Files\Java\jdk1.8.0_131\jre\bin\java.dll
0x0000000053760000 - 0x0000000053776000 	C:\Program Files\Java\jdk1.8.0_131\jre\bin\zip.dll
0x00007ff8c1970000 - 0x00007ff8c2055000 	C:\WINDOWS\System32\SHELL32.dll
0x00007ff8c1130000 - 0x00007ff8c11d9000 	C:\WINDOWS\System32\shcore.dll
0x00007ff8bf5d0000 - 0x00007ff8bfd4f000 	C:\WINDOWS\System32\windows.storage.dll
0x00007ff8bf4d0000 - 0x00007ff8bf4ef000 	C:\WINDOWS\System32\profapi.dll
0x00007ff8bf480000 - 0x00007ff8bf4ca000 	C:\WINDOWS\System32\powrprof.dll
0x00007ff8bf430000 - 0x00007ff8bf440000 	C:\WINDOWS\System32\UMPDC.dll
0x00007ff8c21d0000 - 0x00007ff8c2222000 	C:\WINDOWS\System32\shlwapi.dll
0x00007ff8bf440000 - 0x00007ff8bf451000 	C:\WINDOWS\System32\kernel.appcore.dll
0x00007ff8bf520000 - 0x00007ff8bf537000 	C:\WINDOWS\System32\cryptsp.dll
0x0000000052150000 - 0x000000005215d000 	C:\Program Files\Java\jdk1.8.0_131\jre\bin\management.dll
0x0000000053740000 - 0x000000005375a000 	C:\Program Files\Java\jdk1.8.0_131\jre\bin\net.dll
0x00007ff8bebf0000 - 0x00007ff8bec57000 	C:\WINDOWS\system32\mswsock.dll
0x00007ff8aea00000 - 0x00007ff8aea16000 	C:\WINDOWS\system32\napinsp.dll
0x00007ff8ae190000 - 0x00007ff8ae1aa000 	C:\WINDOWS\system32\pnrpnsp.dll
0x00007ff8be950000 - 0x00007ff8bea1a000 	C:\WINDOWS\SYSTEM32\DNSAPI.dll
0x00007ff8c11e0000 - 0x00007ff8c11e8000 	C:\WINDOWS\System32\NSI.dll
0x00007ff8be910000 - 0x00007ff8be94a000 	C:\WINDOWS\SYSTEM32\IPHLPAPI.DLL
0x00007ff8ae9f0000 - 0x00007ff8ae9fe000 	C:\WINDOWS\System32\winrnr.dll
0x00007ff8bbc50000 - 0x00007ff8bbc6c000 	C:\WINDOWS\system32\NLAapi.dll
0x00007ff8b9b70000 - 0x00007ff8b9b85000 	C:\WINDOWS\system32\wshbth.dll
0x00007ff8b41b0000 - 0x00007ff8b41ba000 	C:\Windows\System32\rasadhlp.dll
0x00007ff8b5e70000 - 0x00007ff8b5ee7000 	C:\WINDOWS\System32\fwpuclnt.dll
0x00007ff8bf540000 - 0x00007ff8bf566000 	C:\WINDOWS\System32\bcrypt.dll
0x00000000523e0000 - 0x00000000523f1000 	C:\Program Files\Java\jdk1.8.0_131\jre\bin\nio.dll
0x00007ff8be770000 - 0x00007ff8be7a3000 	C:\WINDOWS\system32\rsaenh.dll
0x00007ff8bf350000 - 0x00007ff8bf375000 	C:\WINDOWS\SYSTEM32\USERENV.dll
0x00007ff8bed70000 - 0x00007ff8bed7c000 	C:\WINDOWS\SYSTEM32\CRYPTBASE.dll
0x00007ff8b6590000 - 0x00007ff8b65a6000 	C:\WINDOWS\SYSTEM32\dhcpcsvc6.DLL
0x00007ff8b6570000 - 0x00007ff8b658c000 	C:\WINDOWS\SYSTEM32\dhcpcsvc.DLL
0x0000000052160000 - 0x0000000052184000 	C:\Program Files\Java\jdk1.8.0_131\jre\bin\sunec.dll
0x0000000052140000 - 0x000000005214b000 	C:\Program Files\Java\jdk1.8.0_131\jre\bin\sunmscapi.dll
0x00007ff8bfef0000 - 0x00007ff8c0039000 	C:\WINDOWS\System32\CRYPT32.dll
0x00007ff8bf460000 - 0x00007ff8bf472000 	C:\WINDOWS\System32\MSASN1.dll
0x00007ff8ae740000 - 0x00007ff8ae934000 	C:\WINDOWS\SYSTEM32\dbghelp.dll

VM Arguments:
jvm_args: -Xverify:none -XX:TieredStopAtLevel=1 
java_command: tn.div.ncq.Application
java_class_path (initial): C:\Users\lenovo\Documents\NetBeansProjects\NCQ-DevStudio-Springboot-Project\target\classes;C:\Users\lenovo\.m2\repository\org\springframework\boot\spring-boot-starter-data-jpa\2.1.6.RELEASE\spring-boot-starter-data-jpa-2.1.6.RELEASE.jar;C:\Users\lenovo\.m2\repository\org\springframework\boot\spring-boot-starter-aop\2.1.6.RELEASE\spring-boot-starter-aop-2.1.6.RELEASE.jar;C:\Users\lenovo\.m2\repository\org\springframework\spring-aop\5.1.8.RELEASE\spring-aop-5.1.8.RELEASE.jar;C:\Users\lenovo\.m2\repository\org\aspectj\aspectjweaver\1.9.4\aspectjweaver-1.9.4.jar;C:\Users\lenovo\.m2\repository\org\springframework\boot\spring-boot-starter-jdbc\2.1.6.RELEASE\spring-boot-starter-jdbc-2.1.6.RELEASE.jar;C:\Users\lenovo\.m2\repository\com\zaxxer\HikariCP\3.2.0\HikariCP-3.2.0.jar;C:\Users\lenovo\.m2\repository\org\springframework\spring-jdbc\5.1.8.RELEASE\spring-jdbc-5.1.8.RELEASE.jar;C:\Users\lenovo\.m2\repository\javax\transaction\javax.transaction-api\1.3\javax.transaction-api-1.3.jar;C:\Users\lenovo\.m2\repository\javax\xml\bind\jaxb-api\2.3.1\jaxb-api-2.3.1.jar;C:\Users\lenovo\.m2\repository\javax\activation\javax.activation-api\1.2.0\javax.activation-api-1.2.0.jar;C:\Users\lenovo\.m2\repository\org\hibernate\hibernate-core\5.3.10.Final\hibernate-core-5.3.10.Final.jar;C:\Users\lenovo\.m2\repository\org\jboss\logging\jboss-logging\3.3.2.Final\jboss-logging-3.3.2.Final.jar;C:\Users\lenovo\.m2\repository\javax\persistence\javax.persistence-api\2.2\javax.persistence-api-2.2.jar;C:\Users\lenovo\.m2\repository\org\javassist\javassist\3.23.2-GA\javassist-3.23.2-GA.jar;C:\Users\lenovo\.m2\repository\net\bytebuddy\byte-buddy\1.9.13\byte-buddy-1.9.13.jar;C:\Users\lenovo\.m2\repository\antlr\antlr\2.7.7\antlr-2.7.7.jar;C:\Users\lenovo\.m2\repository\org\jboss\jandex\2.0.5.Final\jandex-2.0.5.Final.jar;C:\Users\lenovo\.m2\repository\com\fasterxml\classmate\1.4.0\classmate-1.4.0.jar;C:\Users\lenovo\.m2\repository\org\dom4j\dom4j\2.1.1\dom4j-2.1.1.jar;C:\User
Launcher Type: SUN_STANDARD

Environment Variables:
JAVA_HOME=C:\Program Files\Java\jdk1.8.0_131
PATH=C:\ProgramData\Anaconda3\condabin;C:\Program Files (x86)\Common Files\Oracle\Java\javapath;C:\ProgramData\Oracle\Java\javapath;C:\WINDOWS\system32;C:\WINDOWS;C:\WINDOWS\System32\Wbem;C:\WINDOWS\System32\WindowsPowerShell\v1.0\;D:\Outil\apache-ant-1.10.1-bin\apache-ant-1.10.1\bin;C:\Program Files\dotnet\;C:\Program Files\Microsoft SQL Server\130\Tools\Binn\;C:\Program Files\Microsoft SQL Server\Client SDK\ODBC\130\Tools\Binn\;C:\Program Files (x86)\Microsoft SQL Server\140\Tools\Binn\;C:\Program Files\Microsoft SQL Server\140\Tools\Binn\;C:\Program Files\Microsoft SQL Server\140\DTS\Binn\;C:\WINDOWS\System32\OpenSSH\;C:\Program Files (x86)\Microsoft SQL Server\150\DTS\Binn\;C:\Program Files\Microsoft SQL Server\Client SDK\ODBC\170\Tools\Binn\;C:\hadoop-2.7.6\bin;C:\hadoop-2.7.6\sbin;C:\Program Files\nodejs\;C:\Program Files\Docker\Docker\resources\bin;C:\ProgramData\DockerDesktop\version-bin;C:\Program Files\Git\cmd;C:\apache-maven-3.6.3\bin;C:\java\jdk1.8.0_231\bin;C:\Users\lenovo\AppData\Local\atom\bin;C:\Users\lenovo\AppData\Local\GitHubDesktop\bin;C:\Users\lenovo\AppData\Local\Microsoft\WindowsApps;C:\Users\lenovo\.dotnet\tools;C:\Users\lenovo\AppData\Roaming\npm;C:\ProgramData\Anaconda3\Scripts;C:\ProgramData\Anaconda3;C:\ProgramData\Anaconda3\Library\bin
USERNAME=lenovo
OS=Windows_NT
PROCESSOR_IDENTIFIER=Intel64 Family 6 Model 58 Stepping 9, GenuineIntel



---------------  S Y S T E M  ---------------

OS: Windows 10.0 , 64 bit Build 18362 (10.0.18362.329)

CPU:total 4 (initial active 4) (2 cores per cpu, 2 threads per core) family 6 model 58 stepping 9, cmov, cx8, fxsr, mmx, sse, sse2, sse3, ssse3, sse4.1, sse4.2, popcnt, avx, clmul, erms, ht, tsc, tscinvbit, tscinv

Memory: 4k page, physical 12426608k(5241612k free), swap 18980208k(10105112k free)

vm_info: Java HotSpot(TM) 64-Bit Server VM (25.131-b11) for windows-amd64 JRE (1.8.0_131-b11), built on Mar 15 2017 01:23:53 by "java_re" with MS VC++ 10.0 (VS2010)

time: Mon Nov 23 03:18:46 2020
elapsed time: 617 seconds (0d 0h 10m 17s)

